[2017-11-28 05:27:01 CST] <Thread-11>  INFO: Logging to file: E:\project\TheLoftsIII\unpackage\release\H57463E79_1127212234.ipa_1711280527.log
[2017-11-28 05:27:01 CST] <Thread-11>  INFO: Logging configured successfully.
[2017-11-28 05:27:03 CST] <Thread-11>  INFO: iTMSTransporter : iTunes Store Transporter [1.9.4]
[2017-11-28 05:27:03 CST] <Thread-11>  INFO: OS identifier: Windows 10 10.0 (amd64); jvm=25.121-b13; jre=1.8.0_121-b13
[2017-11-28 05:27:03 CST] <Thread-11>  INFO: Memory: [JVM] 60M free, 118M total, 1751M max [System] (Physical) 3025M free, 7879M total (Swap) 9400M free, 15815M total
[2017-11-28 05:27:03 CST] <Thread-11>  INFO: Upload mode selected.
[2017-11-28 05:27:03 CST] <Thread-11>  INFO: Examining the package at: C:\Users\Henry\AppData\Local\Temp\au\itmsp\1291821910.itmsp
[2017-11-28 05:27:03 CST] <Thread-11>  INFO: Ensuring that package has well formed metadata file...
[2017-11-28 05:27:03 CST] <Thread-11>  INFO: Gathering the list of valid files from the package ...
[2017-11-28 05:27:03 CST] <Thread-11>  INFO: Finished gathering the list of valid files from the package.
[2017-11-28 05:27:03 CST] <Thread-11>  INFO: Verify progress: Analyzing metadata (Step 0/?)
[2017-11-28 05:27:03 CST] <Thread-11>  INFO: Performing authentication of package 1291821910.itmsp ...
[2017-11-28 05:27:03 CST] <Thread-11>  INFO: Verify progress: Analyzing metadata (Step 1/2)
[2017-11-28 05:27:03 CST] <Thread-11>  INFO: id = 20171128052703-381
[2017-11-28 05:27:05 CST] <Thread-11>  INFO: id = 20171128052705-778
[2017-11-28 05:27:06 CST] <Thread-11>  INFO: The list of files requested for upload by Apple is: [metadata.xml, 1291821910.ipa].  These are the files that will be uploaded.
[2017-11-28 05:27:06 CST] <Thread-11>  INFO: Starting media analysis of assets
[2017-11-28 05:27:07 CST] <Thread-11>  INFO: Verify progress: Adding asset to analyze: 1291821910.ipa (Step 2/3)
[2017-11-28 05:27:07 CST] <Thread-11>  INFO: Asset media analysis has completed
[2017-11-28 05:27:07 CST] <Thread-11>  INFO: id = 20171128052707-307
[2017-11-28 05:27:13 CST] <Thread-11>  INFO: Verify progress: Validating assets (Step 3/3)
[2017-11-28 05:27:14 CST] <Thread-11>  INFO: Verify progress: Validating assets (Step 4/3)
[2017-11-28 05:27:14 CST] <Thread-11>  INFO: id = 20171128052714-878
[2017-11-28 05:27:17 CST] <Thread-11>  INFO: The list of files requested for upload by Apple is: [metadata.xml, 1291821910.ipa].  These are the files that will be uploaded.
[2017-11-28 05:27:17 CST] <Thread-11>  INFO: Done performing authentication.
[2017-11-28 05:27:17 CST] <Thread-11>  INFO: The asset replacement verification check is disabled.
[2017-11-28 05:27:17 CST] <Thread-11>  INFO: Checking the file size of the files: [1291821910.ipa]
[2017-11-28 05:27:17 CST] <Thread-11>  INFO: Done checking the file sizes.
[2017-11-28 05:27:17 CST] <Thread-11>  INFO: Checking the md5 checksum of the files: [1291821910.ipa]
[2017-11-28 05:27:17 CST] <Thread-11>  INFO: Done checking the md5 checksum.
[2017-11-28 05:27:17 CST] <Thread-11>  INFO: Preparing to upload package 1291821910.itmsp ...
[2017-11-28 05:27:17 CST] <Thread-11>  INFO: Starting to upload the package's files (1291821910.itmsp) ...
[2017-11-28 05:27:17 CST] <Thread-11>  INFO: Attempting to connect to Apple's webDAV...
[2017-11-28 05:27:19 CST] <Thread-11>  INFO: Successfully connected to Apple's webDAV.
[2017-11-28 05:27:19 CST] <Thread-11>  INFO: Attempting to resume upload of package ...
[2017-11-28 05:27:19 CST] <Thread-11>  INFO: Successfully created/set the package's folder on Apple's webDAV.
[2017-11-28 05:27:19 CST] <Thread-11>  INFO: Gathering list of uploaded files from Apple's webDAV...
[2017-11-28 05:27:20 CST] <Thread-11>  INFO: Determining which files should be uploaded ...
[2017-11-28 05:27:20 CST] <Thread-11>  INFO: Finished determining which files should be uploaded.
[2017-11-28 05:27:20 CST] <Thread-11>  INFO: Computing total size of files to upload ...
[2017-11-28 05:27:20 CST] <Thread-11>  INFO: Done computing total size of files to upload.
[2017-11-28 05:27:20 CST] <Thread-11>  INFO: Starting upload of file: C:\Users\Henry\AppData\Local\Temp\au\itmsp\1291821910.itmsp\1291821910.ipa ...
[2017-11-28 05:27:58 CST] <Thread-11> ERROR:      An error occurred while uploading the file 1291821910.ipa.
[2017-11-28 05:27:58 CST] <Thread-11> ERROR: An exception has occurred: Connection reset by peer: socket write error
[2017-11-28 05:27:58 CST] <Thread-11>  INFO:      File: 1291821910.ipa 10485760/18267067, 57% completed
[2017-11-28 05:27:58 CST] <Thread-11> ERROR:   Failed to upload file: C:\Users\Henry\AppData\Local\Temp\au\itmsp\1291821910.itmsp\1291821910.ipa
[2017-11-28 05:27:58 CST] <Thread-11>  INFO: Gathering list of uploaded files from Apple's webDAV...
[2017-11-28 05:28:00 CST] <Thread-11>  INFO: Done gathering list of uploaded files from Apple's webDAV...
[2017-11-28 05:28:30 CST] <Thread-11>  INFO: Preparing to upload package 1291821910.itmsp ...
[2017-11-28 05:28:30 CST] <Thread-11>  INFO: Starting to upload the package's files (1291821910.itmsp) ...
[2017-11-28 05:28:30 CST] <Thread-11>  INFO: Attempting to connect to Apple's webDAV...
[2017-11-28 05:28:32 CST] <Thread-11>  INFO: Successfully connected to Apple's webDAV.
[2017-11-28 05:28:32 CST] <Thread-11>  INFO: Attempting to resume upload of package ...
[2017-11-28 05:28:32 CST] <Thread-11>  INFO: Successfully created/set the package's folder on Apple's webDAV.
[2017-11-28 05:28:32 CST] <Thread-11>  INFO: Gathering list of uploaded files from Apple's webDAV...
[2017-11-28 05:28:33 CST] <Thread-11>  INFO: Done gathering list of uploaded files from Apple's webDAV...
[2017-11-28 05:28:33 CST] <Thread-11>  INFO: Comparing the local file list to the remote file list to determine if anything should be deleted on Apple's webDAV ...
[2017-11-28 05:28:33 CST] <Thread-11>  INFO: Checking if any encryption/compression files are outdated locally ...
[2017-11-28 05:28:33 CST] <Thread-11>  INFO: Finished checking if any encryption/compression files are outdated locally.
[2017-11-28 05:28:33 CST] <Thread-11>  INFO: Confirming that the previously uploaded files were uploaded correctly ...
[2017-11-28 05:28:33 CST] <Thread-11>  INFO: Finished confirming that the previously uploaded files were uploaded correctly.
[2017-11-28 05:28:33 CST] <Thread-11>  INFO: Determining which files (if any) should be removed from the Apple remote server ...
[2017-11-28 05:28:33 CST] <Thread-11>  INFO: Finished determining which files (if any) should be removed from the Apple remote server.
[2017-11-28 05:28:33 CST] <Thread-11>  INFO: Done comparing the local file list to the remote file list to determine if anything should be deleted on Apple's webDAV.
[2017-11-28 05:28:33 CST] <Thread-11>  INFO: Confirming that the previously uploaded files were uploaded correctly ...
[2017-11-28 05:28:33 CST] <Thread-11>  INFO: Finished confirming that the previously uploaded files were uploaded correctly.
[2017-11-28 05:28:33 CST] <Thread-11>  INFO: Determining which files should be uploaded ...
[2017-11-28 05:28:33 CST] <Thread-11>  INFO: Finished determining which files should be uploaded.
[2017-11-28 05:28:33 CST] <Thread-11>  INFO: Computing total size of files to upload ...
[2017-11-28 05:28:33 CST] <Thread-11>  INFO: Done computing total size of files to upload.
[2017-11-28 05:28:33 CST] <Thread-11>  INFO: Starting upload of file: C:\Users\Henry\AppData\Local\Temp\au\itmsp\1291821910.itmsp\1291821910.ipa ...
[2017-11-28 05:28:33 CST] <Thread-11>  INFO:      Resuming upload of 1291821910.ipa, 540671 bytes have already been uploaded.
[2017-11-28 05:29:41 CST] <Thread-11> ERROR:      An error occurred while uploading the file 1291821910.ipa.
[2017-11-28 05:29:41 CST] <Thread-11> ERROR: An exception has occurred: Connection reset by peer: socket write error
[2017-11-28 05:29:41 CST] <Thread-11>  INFO:      File: 1291821910.ipa 11026432/18267067, 60% completed
[2017-11-28 05:29:41 CST] <Thread-11> ERROR:   Failed to upload file: C:\Users\Henry\AppData\Local\Temp\au\itmsp\1291821910.itmsp\1291821910.ipa
[2017-11-28 05:29:41 CST] <Thread-11>  INFO: Gathering list of uploaded files from Apple's webDAV...
[2017-11-28 05:29:43 CST] <Thread-11>  INFO: Done gathering list of uploaded files from Apple's webDAV...
[2017-11-28 05:30:13 CST] <Thread-11>  INFO: Preparing to upload package 1291821910.itmsp ...
[2017-11-28 05:30:13 CST] <Thread-11>  INFO: Starting to upload the package's files (1291821910.itmsp) ...
[2017-11-28 05:30:13 CST] <Thread-11>  INFO: Attempting to connect to Apple's webDAV...
[2017-11-28 05:30:15 CST] <Thread-11>  INFO: Successfully connected to Apple's webDAV.
[2017-11-28 05:30:15 CST] <Thread-11>  INFO: Attempting to resume upload of package ...
[2017-11-28 05:30:15 CST] <Thread-11>  INFO: Successfully created/set the package's folder on Apple's webDAV.
[2017-11-28 05:30:15 CST] <Thread-11>  INFO: Gathering list of uploaded files from Apple's webDAV...
[2017-11-28 05:30:16 CST] <Thread-11>  INFO: Done gathering list of uploaded files from Apple's webDAV...
[2017-11-28 05:30:16 CST] <Thread-11>  INFO: Comparing the local file list to the remote file list to determine if anything should be deleted on Apple's webDAV ...
[2017-11-28 05:30:16 CST] <Thread-11>  INFO: Confirming that the previously uploaded files were uploaded correctly ...
[2017-11-28 05:30:16 CST] <Thread-11>  INFO: Finished confirming that the previously uploaded files were uploaded correctly.
[2017-11-28 05:30:16 CST] <Thread-11>  INFO: Determining which files (if any) should be removed from the Apple remote server ...
[2017-11-28 05:30:16 CST] <Thread-11>  INFO: Finished determining which files (if any) should be removed from the Apple remote server.
[2017-11-28 05:30:16 CST] <Thread-11>  INFO: Done comparing the local file list to the remote file list to determine if anything should be deleted on Apple's webDAV.
[2017-11-28 05:30:16 CST] <Thread-11>  INFO: Confirming that the previously uploaded files were uploaded correctly ...
[2017-11-28 05:30:16 CST] <Thread-11>  INFO: Finished confirming that the previously uploaded files were uploaded correctly.
[2017-11-28 05:30:16 CST] <Thread-11>  INFO: Determining which files should be uploaded ...
[2017-11-28 05:30:16 CST] <Thread-11>  INFO: Finished determining which files should be uploaded.
[2017-11-28 05:30:16 CST] <Thread-11>  INFO: Computing total size of files to upload ...
[2017-11-28 05:30:16 CST] <Thread-11>  INFO: Done computing total size of files to upload.
[2017-11-28 05:30:16 CST] <Thread-11>  INFO: Starting upload of file: C:\Users\Henry\AppData\Local\Temp\au\itmsp\1291821910.itmsp\1291821910.ipa ...
[2017-11-28 05:30:16 CST] <Thread-11>  INFO:      Resuming upload of 1291821910.ipa, 3604479 bytes have already been uploaded.
[2017-11-28 05:31:37 CST] <Thread-11>  INFO:      File: 1291821910.ipa 14090240/18267067, 77% completed
[2017-11-28 05:31:37 CST] <Thread-11> ERROR:   Failed to upload file: C:\Users\Henry\AppData\Local\Temp\au\itmsp\1291821910.itmsp\1291821910.ipa
[2017-11-28 05:31:37 CST] <Thread-11>  INFO: Gathering list of uploaded files from Apple's webDAV...
[2017-11-28 05:31:38 CST] <Thread-11> ERROR: The max number of retries was performed. The package will not be uploaded.
[2017-11-28 05:31:38 CST] <Thread-11>  INFO: id = 20171128053138-386
[2017-11-28 05:32:25 CST] <Thread-11> ERROR: Communication error. Please try again later.
[2017-11-28 05:32:25 CST] <Thread-11> ERROR: An exception has occurred: Read timed out
[2017-11-28 05:32:25 CST] <Thread-11>  INFO: id = 20171128053225-605



Package Summary:
 
1 package(s) were not uploaded because they had problems:
	C:\Users\Henry\AppData\Local\Temp\au\itmsp\1291821910.itmsp - Error Messages:
		     An error occurred while uploading the file 1291821910.ipa.
		An exception has occurred: Connection reset by peer: socket write error
		  Failed to upload file: C:\Users\Henry\AppData\Local\Temp\au\itmsp\1291821910.itmsp\1291821910.ipa
		The max number of retries was performed. The package will not be uploaded.
		Communication error. Please try again later.
		An exception has occurred: Read timed out
[2017-11-28 06:53:37 CST] <Thread-16> Invalid cookie header: "Set-Cookie: dqsid=eyJ0eXAiOiJKV1QiLCJhbGciOiJIUzI1NiJ9.eyJqdGkiOiIxazNwN0dkYmd2YkVoaElpendxXzNnIn0.dUmoZDBEgMXZerly2d9KDMz4U406ihx1hz28ufxisdA; Max-Age=1800; Expires=Mon, 27 Nov 2017 23:23:31 GMT; Path=/; Secure; HTTPOnly". Invalid 'expires' attribute: Mon, 27 Nov 2017 23:23:31 GMT
[2017-11-28 06:53:37 CST] <Thread-16> list apps success
